文件记录-2018-09-25 14:53:35 [restartedMain] INFO  c.example.DemospringbootApplication - Starting DemospringbootApplication on I5USER5 with PID 54160 (C:\Users\Administrator\IdeaProjects\demospringboot\target\classes started by Administrator in C:\Users\Administrator\IdeaProjects\demospringboot)
文件记录-2018-09-25 14:53:35 [restartedMain] INFO  c.example.DemospringbootApplication - The following profiles are active: dev
文件记录-2018-09-25 14:53:35 [restartedMain] INFO  o.s.b.w.s.c.AnnotationConfigServletWebServerApplicationContext - Refreshing org.springframework.boot.web.servlet.context.AnnotationConfigServletWebServerApplicationContext@230ce58f: startup date [Tue Sep 25 14:53:35 GMT+08:00 2018]; root of context hierarchy
文件记录-2018-09-25 14:53:36 [restartedMain] ERROR o.a.c.core.AprLifecycleListener - An incompatible version [1.2.12] of the APR based Apache Tomcat Native library is installed, while Tomcat requires version [1.2.14]
文件记录-2018-09-25 14:53:36 [restartedMain] INFO  o.s.b.w.e.tomcat.TomcatWebServer - Tomcat initialized with port(s): 8080 (http)
文件记录-2018-09-25 14:53:36 [restartedMain] ERROR o.a.c.core.AprLifecycleListener - An incompatible version [1.2.12] of the APR based Apache Tomcat Native library is installed, while Tomcat requires version [1.2.14]
文件记录-2018-09-25 14:53:36 [restartedMain] INFO  o.a.coyote.http11.Http11NioProtocol - Initializing ProtocolHandler ["http-nio-8080"]
文件记录-2018-09-25 14:53:36 [restartedMain] INFO  o.a.catalina.core.StandardService - Starting service [Tomcat]
文件记录-2018-09-25 14:53:36 [restartedMain] INFO  o.a.catalina.core.StandardEngine - Starting Servlet Engine: Apache Tomcat/8.5.34
文件记录-2018-09-25 14:53:36 [localhost-startStop-1] ERROR o.a.c.core.AprLifecycleListener - An incompatible version [1.2.12] of the APR based Apache Tomcat Native library is installed, while Tomcat requires version [1.2.14]
文件记录-2018-09-25 14:53:36 [localhost-startStop-1] INFO  o.a.c.c.C.[.[localhost].[/chapter1] - Initializing Spring embedded WebApplicationContext
文件记录-2018-09-25 14:53:36 [localhost-startStop-1] INFO  o.s.web.context.ContextLoader - Root WebApplicationContext: initialization completed in 1413 ms
文件记录-2018-09-25 14:53:36 [localhost-startStop-1] INFO  o.s.b.w.s.ServletRegistrationBean - Servlet dispatcherServlet mapped to [/]
文件记录-2018-09-25 14:53:36 [localhost-startStop-1] INFO  o.s.b.w.s.FilterRegistrationBean - Mapping filter: 'characterEncodingFilter' to: [/*]
文件记录-2018-09-25 14:53:36 [localhost-startStop-1] INFO  o.s.b.w.s.FilterRegistrationBean - Mapping filter: 'hiddenHttpMethodFilter' to: [/*]
文件记录-2018-09-25 14:53:36 [localhost-startStop-1] INFO  o.s.b.w.s.FilterRegistrationBean - Mapping filter: 'httpPutFormContentFilter' to: [/*]
文件记录-2018-09-25 14:53:36 [localhost-startStop-1] INFO  o.s.b.w.s.FilterRegistrationBean - Mapping filter: 'requestContextFilter' to: [/*]
文件记录-2018-09-25 14:53:36 [restartedMain] INFO  o.s.w.s.h.SimpleUrlHandlerMapping - Mapped URL path [/**/favicon.ico] onto handler of type [class org.springframework.web.servlet.resource.ResourceHttpRequestHandler]
文件记录-2018-09-25 14:53:36 [restartedMain] INFO  o.s.w.s.m.m.a.RequestMappingHandlerAdapter - Looking for @ControllerAdvice: org.springframework.boot.web.servlet.context.AnnotationConfigServletWebServerApplicationContext@230ce58f: startup date [Tue Sep 25 14:53:35 GMT+08:00 2018]; root of context hierarchy
文件记录-2018-09-25 14:53:36 [restartedMain] INFO  o.s.w.s.m.m.a.RequestMappingHandlerMapping - Mapped "{[/demo],methods=[GET]}" onto public java.lang.String com.example.springboot.demospringboot.controller.DemoController.demo()
文件记录-2018-09-25 14:53:36 [restartedMain] INFO  o.s.w.s.m.m.a.RequestMappingHandlerMapping - Mapped "{[/error]}" onto public org.springframework.http.ResponseEntity<java.util.Map<java.lang.String, java.lang.Object>> org.springframework.boot.autoconfigure.web.servlet.error.BasicErrorController.error(javax.servlet.http.HttpServletRequest)
文件记录-2018-09-25 14:53:36 [restartedMain] INFO  o.s.w.s.m.m.a.RequestMappingHandlerMapping - Mapped "{[/error],produces=[text/html]}" onto public org.springframework.web.servlet.ModelAndView org.springframework.boot.autoconfigure.web.servlet.error.BasicErrorController.errorHtml(javax.servlet.http.HttpServletRequest,javax.servlet.http.HttpServletResponse)
文件记录-2018-09-25 14:53:36 [restartedMain] INFO  o.s.w.s.h.SimpleUrlHandlerMapping - Mapped URL path [/webjars/**] onto handler of type [class org.springframework.web.servlet.resource.ResourceHttpRequestHandler]
文件记录-2018-09-25 14:53:36 [restartedMain] INFO  o.s.w.s.h.SimpleUrlHandlerMapping - Mapped URL path [/**] onto handler of type [class org.springframework.web.servlet.resource.ResourceHttpRequestHandler]
文件记录-2018-09-25 14:53:37 [restartedMain] INFO  o.s.b.d.a.OptionalLiveReloadServer - LiveReload server is running on port 35729
文件记录-2018-09-25 14:53:37 [restartedMain] INFO  o.s.j.e.a.AnnotationMBeanExporter - Registering beans for JMX exposure on startup
文件记录-2018-09-25 14:53:37 [restartedMain] INFO  o.a.coyote.http11.Http11NioProtocol - Starting ProtocolHandler ["http-nio-8080"]
文件记录-2018-09-25 14:53:37 [restartedMain] INFO  o.a.tomcat.util.net.NioSelectorPool - Using a shared selector for servlet write/read
文件记录-2018-09-25 14:53:37 [restartedMain] INFO  o.s.b.w.e.tomcat.TomcatWebServer - Tomcat started on port(s): 8080 (http) with context path '/chapter1'
文件记录-2018-09-25 14:53:37 [restartedMain] INFO  c.example.DemospringbootApplication - Started DemospringbootApplication in 2.62 seconds (JVM running for 3.436)
文件记录-2018-09-25 14:53:51 [Thread-11] INFO  o.s.b.w.s.c.AnnotationConfigServletWebServerApplicationContext - Closing org.springframework.boot.web.servlet.context.AnnotationConfigServletWebServerApplicationContext@230ce58f: startup date [Tue Sep 25 14:53:35 GMT+08:00 2018]; root of context hierarchy
文件记录-2018-09-25 14:53:51 [Thread-11] INFO  o.s.j.e.a.AnnotationMBeanExporter - Unregistering JMX-exposed beans on shutdown
文件记录-2018-09-25 14:53:51 [restartedMain] INFO  c.example.DemospringbootApplication - Starting DemospringbootApplication on I5USER5 with PID 54160 (C:\Users\Administrator\IdeaProjects\demospringboot\target\classes started by Administrator in C:\Users\Administrator\IdeaProjects\demospringboot)
文件记录-2018-09-25 14:53:51 [restartedMain] INFO  c.example.DemospringbootApplication - The following profiles are active: dev
文件记录-2018-09-25 14:53:51 [restartedMain] INFO  o.s.b.w.s.c.AnnotationConfigServletWebServerApplicationContext - Refreshing org.springframework.boot.web.servlet.context.AnnotationConfigServletWebServerApplicationContext@7cab510c: startup date [Tue Sep 25 14:53:51 GMT+08:00 2018]; root of context hierarchy
文件记录-2018-09-25 14:53:52 [restartedMain] ERROR o.a.c.core.AprLifecycleListener - An incompatible version [1.2.12] of the APR based Apache Tomcat Native library is installed, while Tomcat requires version [1.2.14]
文件记录-2018-09-25 14:53:52 [restartedMain] INFO  o.s.b.w.e.tomcat.TomcatWebServer - Tomcat initialized with port(s): 8080 (http)
文件记录-2018-09-25 14:53:52 [restartedMain] ERROR o.a.c.core.AprLifecycleListener - An incompatible version [1.2.12] of the APR based Apache Tomcat Native library is installed, while Tomcat requires version [1.2.14]
文件记录-2018-09-25 14:53:52 [restartedMain] INFO  o.a.coyote.http11.Http11NioProtocol - Initializing ProtocolHandler ["http-nio-8080"]
文件记录-2018-09-25 14:53:52 [restartedMain] INFO  o.a.catalina.core.StandardService - Starting service [Tomcat]
文件记录-2018-09-25 14:53:52 [restartedMain] INFO  o.a.catalina.core.StandardEngine - Starting Servlet Engine: Apache Tomcat/8.5.34
文件记录-2018-09-25 14:53:52 [localhost-startStop-1] ERROR o.a.c.core.AprLifecycleListener - An incompatible version [1.2.12] of the APR based Apache Tomcat Native library is installed, while Tomcat requires version [1.2.14]
文件记录-2018-09-25 14:53:52 [localhost-startStop-1] INFO  o.a.c.c.C.[.[localhost].[/chapter1] - Initializing Spring embedded WebApplicationContext
文件记录-2018-09-25 14:53:52 [localhost-startStop-1] INFO  o.s.web.context.ContextLoader - Root WebApplicationContext: initialization completed in 406 ms
文件记录-2018-09-25 14:53:52 [localhost-startStop-1] INFO  o.s.b.w.s.ServletRegistrationBean - Servlet dispatcherServlet mapped to [/]
文件记录-2018-09-25 14:53:52 [localhost-startStop-1] INFO  o.s.b.w.s.FilterRegistrationBean - Mapping filter: 'characterEncodingFilter' to: [/*]
文件记录-2018-09-25 14:53:52 [localhost-startStop-1] INFO  o.s.b.w.s.FilterRegistrationBean - Mapping filter: 'hiddenHttpMethodFilter' to: [/*]
文件记录-2018-09-25 14:53:52 [localhost-startStop-1] INFO  o.s.b.w.s.FilterRegistrationBean - Mapping filter: 'httpPutFormContentFilter' to: [/*]
文件记录-2018-09-25 14:53:52 [localhost-startStop-1] INFO  o.s.b.w.s.FilterRegistrationBean - Mapping filter: 'requestContextFilter' to: [/*]
文件记录-2018-09-25 14:53:52 [restartedMain] INFO  o.s.w.s.h.SimpleUrlHandlerMapping - Mapped URL path [/**/favicon.ico] onto handler of type [class org.springframework.web.servlet.resource.ResourceHttpRequestHandler]
文件记录-2018-09-25 14:53:52 [restartedMain] INFO  o.s.w.s.m.m.a.RequestMappingHandlerAdapter - Looking for @ControllerAdvice: org.springframework.boot.web.servlet.context.AnnotationConfigServletWebServerApplicationContext@7cab510c: startup date [Tue Sep 25 14:53:51 GMT+08:00 2018]; root of context hierarchy
文件记录-2018-09-25 14:53:52 [restartedMain] INFO  o.s.w.s.m.m.a.RequestMappingHandlerMapping - Mapped "{[/demo],methods=[GET]}" onto public java.lang.String com.example.springboot.demospringboot.controller.DemoController.demo()
文件记录-2018-09-25 14:53:52 [restartedMain] INFO  o.s.w.s.m.m.a.RequestMappingHandlerMapping - Mapped "{[/error]}" onto public org.springframework.http.ResponseEntity<java.util.Map<java.lang.String, java.lang.Object>> org.springframework.boot.autoconfigure.web.servlet.error.BasicErrorController.error(javax.servlet.http.HttpServletRequest)
文件记录-2018-09-25 14:53:52 [restartedMain] INFO  o.s.w.s.m.m.a.RequestMappingHandlerMapping - Mapped "{[/error],produces=[text/html]}" onto public org.springframework.web.servlet.ModelAndView org.springframework.boot.autoconfigure.web.servlet.error.BasicErrorController.errorHtml(javax.servlet.http.HttpServletRequest,javax.servlet.http.HttpServletResponse)
文件记录-2018-09-25 14:53:52 [restartedMain] INFO  o.s.w.s.h.SimpleUrlHandlerMapping - Mapped URL path [/webjars/**] onto handler of type [class org.springframework.web.servlet.resource.ResourceHttpRequestHandler]
文件记录-2018-09-25 14:53:52 [restartedMain] INFO  o.s.w.s.h.SimpleUrlHandlerMapping - Mapped URL path [/**] onto handler of type [class org.springframework.web.servlet.resource.ResourceHttpRequestHandler]
文件记录-2018-09-25 14:53:52 [restartedMain] INFO  o.s.b.d.a.OptionalLiveReloadServer - LiveReload server is running on port 35729
文件记录-2018-09-25 14:53:52 [restartedMain] INFO  o.s.j.e.a.AnnotationMBeanExporter - Registering beans for JMX exposure on startup
文件记录-2018-09-25 14:53:52 [restartedMain] INFO  o.a.coyote.http11.Http11NioProtocol - Starting ProtocolHandler ["http-nio-8080"]
文件记录-2018-09-25 14:53:52 [restartedMain] INFO  o.a.tomcat.util.net.NioSelectorPool - Using a shared selector for servlet write/read
文件记录-2018-09-25 14:53:52 [restartedMain] INFO  o.s.b.w.e.tomcat.TomcatWebServer - Tomcat started on port(s): 8080 (http) with context path '/chapter1'
文件记录-2018-09-25 14:53:52 [restartedMain] INFO  c.example.DemospringbootApplication - Started DemospringbootApplication in 0.633 seconds (JVM running for 18.834)
文件记录-2018-09-25 14:53:52 [restartedMain] INFO  o.s.b.d.a.ConditionEvaluationDeltaLoggingListener - Condition evaluation unchanged
文件记录-2018-09-25 15:09:16 [Thread-19] INFO  o.s.b.w.s.c.AnnotationConfigServletWebServerApplicationContext - Closing org.springframework.boot.web.servlet.context.AnnotationConfigServletWebServerApplicationContext@7cab510c: startup date [Tue Sep 25 14:53:51 GMT+08:00 2018]; root of context hierarchy
文件记录-2018-09-25 15:09:16 [Thread-19] INFO  o.s.j.e.a.AnnotationMBeanExporter - Unregistering JMX-exposed beans on shutdown
文件记录-2018-09-25 15:09:17 [restartedMain] INFO  c.example.DemospringbootApplication - Starting DemospringbootApplication on I5USER5 with PID 54160 (C:\Users\Administrator\IdeaProjects\demospringboot\target\classes started by Administrator in C:\Users\Administrator\IdeaProjects\demospringboot)
文件记录-2018-09-25 15:09:17 [restartedMain] INFO  c.example.DemospringbootApplication - The following profiles are active: dev
文件记录-2018-09-25 15:09:17 [restartedMain] INFO  o.s.b.w.s.c.AnnotationConfigServletWebServerApplicationContext - Refreshing org.springframework.boot.web.servlet.context.AnnotationConfigServletWebServerApplicationContext@1d15e33: startup date [Tue Sep 25 15:09:17 GMT+08:00 2018]; root of context hierarchy
文件记录-2018-09-25 15:09:17 [restartedMain] ERROR o.a.c.core.AprLifecycleListener - An incompatible version [1.2.12] of the APR based Apache Tomcat Native library is installed, while Tomcat requires version [1.2.14]
文件记录-2018-09-25 15:09:17 [restartedMain] INFO  o.s.b.w.e.tomcat.TomcatWebServer - Tomcat initialized with port(s): 8080 (http)
文件记录-2018-09-25 15:09:17 [restartedMain] ERROR o.a.c.core.AprLifecycleListener - An incompatible version [1.2.12] of the APR based Apache Tomcat Native library is installed, while Tomcat requires version [1.2.14]
文件记录-2018-09-25 15:09:17 [restartedMain] INFO  o.a.coyote.http11.Http11NioProtocol - Initializing ProtocolHandler ["http-nio-8080"]
文件记录-2018-09-25 15:09:17 [restartedMain] INFO  o.a.catalina.core.StandardService - Starting service [Tomcat]
文件记录-2018-09-25 15:09:17 [restartedMain] INFO  o.a.catalina.core.StandardEngine - Starting Servlet Engine: Apache Tomcat/8.5.34
文件记录-2018-09-25 15:09:17 [localhost-startStop-1] ERROR o.a.c.core.AprLifecycleListener - An incompatible version [1.2.12] of the APR based Apache Tomcat Native library is installed, while Tomcat requires version [1.2.14]
文件记录-2018-09-25 15:09:17 [localhost-startStop-1] INFO  o.a.c.c.C.[.[localhost].[/chapter1] - Initializing Spring embedded WebApplicationContext
文件记录-2018-09-25 15:09:17 [localhost-startStop-1] INFO  o.s.web.context.ContextLoader - Root WebApplicationContext: initialization completed in 402 ms
文件记录-2018-09-25 15:09:17 [localhost-startStop-1] INFO  o.s.b.w.s.ServletRegistrationBean - Servlet dispatcherServlet mapped to [/]
文件记录-2018-09-25 15:09:17 [localhost-startStop-1] INFO  o.s.b.w.s.FilterRegistrationBean - Mapping filter: 'characterEncodingFilter' to: [/*]
文件记录-2018-09-25 15:09:17 [localhost-startStop-1] INFO  o.s.b.w.s.FilterRegistrationBean - Mapping filter: 'hiddenHttpMethodFilter' to: [/*]
文件记录-2018-09-25 15:09:17 [localhost-startStop-1] INFO  o.s.b.w.s.FilterRegistrationBean - Mapping filter: 'httpPutFormContentFilter' to: [/*]
文件记录-2018-09-25 15:09:17 [localhost-startStop-1] INFO  o.s.b.w.s.FilterRegistrationBean - Mapping filter: 'requestContextFilter' to: [/*]
文件记录-2018-09-25 15:09:17 [restartedMain] INFO  o.s.w.s.h.SimpleUrlHandlerMapping - Mapped URL path [/**/favicon.ico] onto handler of type [class org.springframework.web.servlet.resource.ResourceHttpRequestHandler]
文件记录-2018-09-25 15:09:17 [restartedMain] INFO  o.s.w.s.m.m.a.RequestMappingHandlerAdapter - Looking for @ControllerAdvice: org.springframework.boot.web.servlet.context.AnnotationConfigServletWebServerApplicationContext@1d15e33: startup date [Tue Sep 25 15:09:17 GMT+08:00 2018]; root of context hierarchy
文件记录-2018-09-25 15:09:17 [restartedMain] INFO  o.s.w.s.m.m.a.RequestMappingHandlerMapping - Mapped "{[/demo],methods=[GET]}" onto public java.lang.String com.example.springboot.demospringboot.controller.DemoController.demo()
文件记录-2018-09-25 15:09:17 [restartedMain] INFO  o.s.w.s.m.m.a.RequestMappingHandlerMapping - Mapped "{[/error]}" onto public org.springframework.http.ResponseEntity<java.util.Map<java.lang.String, java.lang.Object>> org.springframework.boot.autoconfigure.web.servlet.error.BasicErrorController.error(javax.servlet.http.HttpServletRequest)
文件记录-2018-09-25 15:09:17 [restartedMain] INFO  o.s.w.s.m.m.a.RequestMappingHandlerMapping - Mapped "{[/error],produces=[text/html]}" onto public org.springframework.web.servlet.ModelAndView org.springframework.boot.autoconfigure.web.servlet.error.BasicErrorController.errorHtml(javax.servlet.http.HttpServletRequest,javax.servlet.http.HttpServletResponse)
文件记录-2018-09-25 15:09:17 [restartedMain] INFO  o.s.w.s.h.SimpleUrlHandlerMapping - Mapped URL path [/webjars/**] onto handler of type [class org.springframework.web.servlet.resource.ResourceHttpRequestHandler]
文件记录-2018-09-25 15:09:17 [restartedMain] INFO  o.s.w.s.h.SimpleUrlHandlerMapping - Mapped URL path [/**] onto handler of type [class org.springframework.web.servlet.resource.ResourceHttpRequestHandler]
文件记录-2018-09-25 15:09:17 [restartedMain] INFO  o.s.b.d.a.OptionalLiveReloadServer - LiveReload server is running on port 35729
文件记录-2018-09-25 15:09:17 [restartedMain] INFO  o.s.j.e.a.AnnotationMBeanExporter - Registering beans for JMX exposure on startup
文件记录-2018-09-25 15:09:17 [restartedMain] INFO  o.a.coyote.http11.Http11NioProtocol - Starting ProtocolHandler ["http-nio-8080"]
文件记录-2018-09-25 15:09:17 [restartedMain] INFO  o.a.tomcat.util.net.NioSelectorPool - Using a shared selector for servlet write/read
文件记录-2018-09-25 15:09:17 [restartedMain] INFO  o.s.b.w.e.tomcat.TomcatWebServer - Tomcat started on port(s): 8080 (http) with context path '/chapter1'
文件记录-2018-09-25 15:09:17 [restartedMain] INFO  c.example.DemospringbootApplication - Started DemospringbootApplication in 0.591 seconds (JVM running for 944.224)
文件记录-2018-09-25 15:09:17 [restartedMain] INFO  o.s.b.d.a.ConditionEvaluationDeltaLoggingListener - Condition evaluation unchanged
